c:\users\locas\source\repos\proyecto odsis\proyecto odsis\x64\release\vc143.pdb
c:\users\locas\source\repos\proyecto odsis\proyecto odsis\x64\release\.netframework,version=v4.8.assemblyattributes.obj
c:\users\locas\source\repos\proyecto odsis\proyecto odsis\x64\release\login.obj
c:\users\fernando\source\repos\proyecto-odsis\proyecto odsis\x64\release\vc143.pdb
c:\users\fernando\source\repos\proyecto-odsis\proyecto odsis\x64\release\.netframework,version=v4.8.assemblyattributes.obj
c:\users\fernando\source\repos\proyecto-odsis\proyecto odsis\x64\release\proyectos.obj
c:\users\fernando\source\repos\proyecto-odsis\proyecto odsis\x64\release\menuopciones.obj
c:\users\fernando\source\repos\proyecto-odsis\proyecto odsis\x64\release\login.obj
c:\users\fernando\source\repos\proyecto-odsis\proyecto odsis\x64\release\inventario.obj
c:\users\fernando\source\repos\proyecto-odsis\proyecto odsis\x64\release\donaciones.obj
c:\users\locas\source\repos\proyecto odsis\proyecto odsis\x64\release\proyectos.obj
c:\users\locas\source\repos\proyecto odsis\proyecto odsis\x64\release\menuopciones.obj
c:\users\locas\source\repos\proyecto odsis\proyecto odsis\x64\release\inventario.obj
c:\users\locas\source\repos\proyecto odsis\proyecto odsis\x64\release\donaciones.obj
c:\users\fernando\source\repos\proyecto-odsis\x64\release\proyecto odsis.exe
c:\users\fernando\source\repos\proyecto-odsis\x64\release\proyecto odsis.pdb
c:\users\locas\source\repos\proyecto odsis\x64\release\proyecto odsis.exe
c:\users\locas\source\repos\proyecto odsis\x64\release\proyecto odsis.pdb
c:\users\fernando\source\repos\proyecto-odsis\proyecto odsis\x64\release\proyectoodsis.donaciones.resources
c:\users\fernando\source\repos\proyecto-odsis\proyecto odsis\x64\release\proyectoodsis.inventario.resources
c:\users\fernando\source\repos\proyecto-odsis\proyecto odsis\x64\release\proyectoodsis.login.resources
c:\users\fernando\source\repos\proyecto-odsis\proyecto odsis\x64\release\proyectoodsis.menuopciones.resources
c:\users\fernando\source\repos\proyecto-odsis\proyecto odsis\x64\release\proyectoodsis.proyectos.resources
c:\users\locas\source\repos\proyecto odsis\proyecto odsis\x64\release\proyecto odsis.tlog\cl.command.1.tlog
c:\users\locas\source\repos\proyecto odsis\proyecto odsis\x64\release\proyecto odsis.tlog\cl.items.tlog
c:\users\locas\source\repos\proyecto odsis\proyecto odsis\x64\release\proyecto odsis.tlog\cl.read.1.tlog
c:\users\locas\source\repos\proyecto odsis\proyecto odsis\x64\release\proyecto odsis.tlog\cl.write.1.tlog
c:\users\locas\source\repos\proyecto odsis\proyecto odsis\x64\release\proyecto odsis.tlog\link.command.1.tlog
c:\users\locas\source\repos\proyecto odsis\proyecto odsis\x64\release\proyecto odsis.tlog\link.read.1.tlog
c:\users\locas\source\repos\proyecto odsis\proyecto odsis\x64\release\proyecto odsis.tlog\link.write.1.tlog
c:\users\locas\source\repos\proyecto odsis\proyecto odsis\x64\release\proyecto odsis.tlog\metagen.read.1.tlog
c:\users\locas\source\repos\proyecto odsis\proyecto odsis\x64\release\proyecto odsis.tlog\metagen.write.1.tlog
c:\users\locas\source\repos\proyecto odsis\proyecto odsis\x64\release\proyecto odsis.tlog\proyecto odsis.write.1u.tlog
c:\users\locas\source\repos\proyecto odsis\proyecto odsis\x64\release\proyecto odsis.tlog\resgen.command.1.tlog
c:\users\locas\source\repos\proyecto odsis\proyecto odsis\x64\release\proyecto odsis.tlog\resgen.read.1.tlog
c:\users\locas\source\repos\proyecto odsis\proyecto odsis\x64\release\proyecto odsis.tlog\resgen.write.1.tlog
